

================================================================
== Vitis HLS Report for 'dfxisp_normal'
================================================================
* Date:           Mon Jun 29 12:02:31 2026

* Version:        2024.1 (Build 5069499 on May 21 2024)
* Project:        proj
* Solution:       sol (Vivado IP Flow Target)
* Product family: zynquplus
* Target device:  xczu7ev-ffvc1156-2-e


================================================================
== Performance Estimates
================================================================
+ Timing: 
    * Summary: 
    +--------+---------+----------+------------+
    |  Clock |  Target | Estimated| Uncertainty|
    +--------+---------+----------+------------+
    |ap_clk  |  5.00 ns|  3.650 ns|     1.35 ns|
    +--------+---------+----------+------------+

+ Latency: 
    * Summary: 
    +---------+---------+----------+----------+-----+-----+---------+
    |  Latency (cycles) |  Latency (absolute) |  Interval | Pipeline|
    |   min   |   max   |    min   |    max   | min | max |   Type  |
    +---------+---------+----------+----------+-----+-----+---------+
    |        ?|        ?|         ?|         ?|    ?|    ?|       no|
    +---------+---------+----------+----------+-----+-----+---------+

    + Detail: 
        * Instance: 
        +-------------------------------------------------------------------+--------------------------------------------------------+---------+---------+----------+----------+-----+-----+-----------------------------------------------+
        |                                                                   |                                                        |  Latency (cycles) |  Latency (absolute) |  Interval |                    Pipeline                   |
        |                              Instance                             |                         Module                         |   min   |   max   |    min   |    max   | min | max |                      Type                     |
        +-------------------------------------------------------------------+--------------------------------------------------------+---------+---------+----------+----------+-----+-----+-----------------------------------------------+
        |grp_dfxisp_normal_Pipeline_VITIS_LOOP_75_1_VITIS_LOOP_76_2_fu_105  |dfxisp_normal_Pipeline_VITIS_LOOP_75_1_VITIS_LOOP_76_2  |        ?|        ?|         ?|         ?|    0|    0|  loop auto-rewind stp(delay=0 clock cycles(s))|
        +-------------------------------------------------------------------+--------------------------------------------------------+---------+---------+----------+----------+-----+-----+-----------------------------------------------+

        * Loop: 
        N/A



================================================================
== Utilization Estimates
================================================================
* Summary: 
+-----------------+---------+------+--------+--------+-----+
|       Name      | BRAM_18K|  DSP |   FF   |   LUT  | URAM|
+-----------------+---------+------+--------+--------+-----+
|DSP              |        -|     -|       -|       -|    -|
|Expression       |        -|     -|       0|     158|    -|
|FIFO             |        -|     -|       -|       -|    -|
|Instance         |        3|    14|    3087|    4336|    0|
|Memory           |        -|     -|       -|       -|    -|
|Multiplexer      |        -|     -|       0|     160|    -|
|Register         |        -|     -|     450|       -|    -|
+-----------------+---------+------+--------+--------+-----+
|Total            |        3|    14|    3537|    4654|    0|
+-----------------+---------+------+--------+--------+-----+
|Available        |      624|  1728|  460800|  230400|   96|
+-----------------+---------+------+--------+--------+-----+
|Utilization (%)  |       ~0|    ~0|      ~0|       2|    0|
+-----------------+---------+------+--------+--------+-----+

+ Detail: 
    * Instance: 
    +-------------------------------------------------------------------+--------------------------------------------------------+---------+----+------+------+-----+
    |                              Instance                             |                         Module                         | BRAM_18K| DSP|  FF  |  LUT | URAM|
    +-------------------------------------------------------------------+--------------------------------------------------------+---------+----+------+------+-----+
    |control_s_axi_U                                                    |control_s_axi                                           |        0|   0|   252|   424|    0|
    |grp_dfxisp_normal_Pipeline_VITIS_LOOP_75_1_VITIS_LOOP_76_2_fu_105  |dfxisp_normal_Pipeline_VITIS_LOOP_75_1_VITIS_LOOP_76_2  |        0|   6|  1474|  2513|    0|
    |gmem0_m_axi_U                                                      |gmem0_m_axi                                             |        1|   0|   696|   734|    0|
    |gmem1_m_axi_U                                                      |gmem1_m_axi                                             |        2|   0|   665|   625|    0|
    |mul_31ns_31ns_62_1_1_U21                                           |mul_31ns_31ns_62_1_1                                    |        0|   4|     0|    20|    0|
    |mul_32ns_32ns_62_1_1_U22                                           |mul_32ns_32ns_62_1_1                                    |        0|   4|     0|    20|    0|
    +-------------------------------------------------------------------+--------------------------------------------------------+---------+----+------+------+-----+
    |Total                                                              |                                                        |        3|  14|  3087|  4336|    0|
    +-------------------------------------------------------------------+--------------------------------------------------------+---------+----+------+------+-----+

    * DSP: 
    N/A

    * Memory: 
    N/A

    * FIFO: 
    N/A

    * Expression: 
    +-----------------------+----------+----+---+----+------------+------------+
    |     Variable Name     | Operation| DSP| FF| LUT| Bitwidth P0| Bitwidth P1|
    +-----------------------+----------+----+---+----+------------+------------+
    |add_ln75_fu_203_p2     |         +|   0|  0|  38|          31|           2|
    |hi_assign_fu_196_p2    |         +|   0|  0|  38|          31|           2|
    |ap_block_state10       |       and|   0|  0|   2|           1|           1|
    |icmp_ln74_1_fu_144_p2  |      icmp|   0|  0|  39|          32|           1|
    |icmp_ln74_fu_138_p2    |      icmp|   0|  0|  39|          32|           1|
    |or_ln74_fu_150_p2      |        or|   0|  0|   2|           1|           1|
    +-----------------------+----------+----+---+----+------------+------------+
    |Total                  |          |   0|  0| 158|         128|           8|
    +-----------------------+----------+----+---+----+------------+------------+

    * Multiplexer: 
    +----------------+----+-----------+-----+-----------+
    |      Name      | LUT| Input Size| Bits| Total Bits|
    +----------------+----+-----------+-----+-----------+
    |ap_NS_fsm       |  59|         11|    1|         11|
    |gmem0_ARVALID   |   9|          2|    1|          2|
    |gmem0_RREADY    |   9|          2|    1|          2|
    |gmem1_AWADDR    |  14|          3|   64|        192|
    |gmem1_AWLEN     |  14|          3|   32|         96|
    |gmem1_AWVALID   |  14|          3|    1|          3|
    |gmem1_BREADY    |  14|          3|    1|          3|
    |gmem1_WVALID    |   9|          2|    1|          2|
    |gmem1_blk_n_AW  |   9|          2|    1|          2|
    |gmem1_blk_n_B   |   9|          2|    1|          2|
    +----------------+----+-----------+-----+-----------+
    |Total           | 160|         33|  104|        315|
    +----------------+----+-----------+-----+-----------+

    * Register: 
    +--------------------------------------------------------------------------------+----+----+-----+-----------+
    |                                      Name                                      | FF | LUT| Bits| Const Bits|
    +--------------------------------------------------------------------------------+----+----+-----+-----------+
    |add_ln75_reg_270                                                                |  31|   0|   31|          0|
    |ap_CS_fsm                                                                       |  10|   0|   10|          0|
    |bound_reg_259                                                                   |  62|   0|   62|          0|
    |grp_dfxisp_normal_Pipeline_VITIS_LOOP_75_1_VITIS_LOOP_76_2_fu_105_ap_start_reg  |   1|   0|    1|          0|
    |height_read_reg_210                                                             |  32|   0|   32|          0|
    |hi_assign_reg_264                                                               |  31|   0|   31|          0|
    |mul_ln75_reg_249                                                                |  62|   0|   62|          0|
    |or_ln74_reg_239                                                                 |   1|   0|    1|          0|
    |raw_bayer_read_reg_220                                                          |  64|   0|   64|          0|
    |trunc_ln66_1_reg_233                                                            |  31|   0|   31|          0|
    |trunc_ln66_reg_225                                                              |  31|   0|   31|          0|
    |trunc_ln_reg_243                                                                |  62|   0|   62|          0|
    |width_read_reg_215                                                              |  32|   0|   32|          0|
    +--------------------------------------------------------------------------------+----+----+-----+-----------+
    |Total                                                                           | 450|   0|  450|          0|
    +--------------------------------------------------------------------------------+----+----+-----+-----------+



================================================================
== Interface
================================================================
* Summary: 
+-----------------------+-----+-----+------------+---------------+--------------+
|       RTL Ports       | Dir | Bits|  Protocol  | Source Object |    C Type    |
+-----------------------+-----+-----+------------+---------------+--------------+
|s_axi_control_AWVALID  |   in|    1|       s_axi|        control|        scalar|
|s_axi_control_AWREADY  |  out|    1|       s_axi|        control|        scalar|
|s_axi_control_AWADDR   |   in|    6|       s_axi|        control|        scalar|
|s_axi_control_WVALID   |   in|    1|       s_axi|        control|        scalar|
|s_axi_control_WREADY   |  out|    1|       s_axi|        control|        scalar|
|s_axi_control_WDATA    |   in|   32|       s_axi|        control|        scalar|
|s_axi_control_WSTRB    |   in|    4|       s_axi|        control|        scalar|
|s_axi_control_ARVALID  |   in|    1|       s_axi|        control|        scalar|
|s_axi_control_ARREADY  |  out|    1|       s_axi|        control|        scalar|
|s_axi_control_ARADDR   |   in|    6|       s_axi|        control|        scalar|
|s_axi_control_RVALID   |  out|    1|       s_axi|        control|        scalar|
|s_axi_control_RREADY   |   in|    1|       s_axi|        control|        scalar|
|s_axi_control_RDATA    |  out|   32|       s_axi|        control|        scalar|
|s_axi_control_RRESP    |  out|    2|       s_axi|        control|        scalar|
|s_axi_control_BVALID   |  out|    1|       s_axi|        control|        scalar|
|s_axi_control_BREADY   |   in|    1|       s_axi|        control|        scalar|
|s_axi_control_BRESP    |  out|    2|       s_axi|        control|        scalar|
|ap_clk                 |   in|    1|  ap_ctrl_hs|  dfxisp_normal|  return value|
|ap_rst_n               |   in|    1|  ap_ctrl_hs|  dfxisp_normal|  return value|
|interrupt              |  out|    1|  ap_ctrl_hs|  dfxisp_normal|  return value|
|m_axi_gmem0_AWVALID    |  out|    1|       m_axi|          gmem0|       pointer|
|m_axi_gmem0_AWREADY    |   in|    1|       m_axi|          gmem0|       pointer|
|m_axi_gmem0_AWADDR     |  out|   64|       m_axi|          gmem0|       pointer|
|m_axi_gmem0_AWID       |  out|    1|       m_axi|          gmem0|       pointer|
|m_axi_gmem0_AWLEN      |  out|    8|       m_axi|          gmem0|       pointer|
|m_axi_gmem0_AWSIZE     |  out|    3|       m_axi|          gmem0|       pointer|
|m_axi_gmem0_AWBURST    |  out|    2|       m_axi|          gmem0|       pointer|
|m_axi_gmem0_AWLOCK     |  out|    2|       m_axi|          gmem0|       pointer|
|m_axi_gmem0_AWCACHE    |  out|    4|       m_axi|          gmem0|       pointer|
|m_axi_gmem0_AWPROT     |  out|    3|       m_axi|          gmem0|       pointer|
|m_axi_gmem0_AWQOS      |  out|    4|       m_axi|          gmem0|       pointer|
|m_axi_gmem0_AWREGION   |  out|    4|       m_axi|          gmem0|       pointer|
|m_axi_gmem0_AWUSER     |  out|    1|       m_axi|          gmem0|       pointer|
|m_axi_gmem0_WVALID     |  out|    1|       m_axi|          gmem0|       pointer|
|m_axi_gmem0_WREADY     |   in|    1|       m_axi|          gmem0|       pointer|
|m_axi_gmem0_WDATA      |  out|   32|       m_axi|          gmem0|       pointer|
|m_axi_gmem0_WSTRB      |  out|    4|       m_axi|          gmem0|       pointer|
|m_axi_gmem0_WLAST      |  out|    1|       m_axi|          gmem0|       pointer|
|m_axi_gmem0_WID        |  out|    1|       m_axi|          gmem0|       pointer|
|m_axi_gmem0_WUSER      |  out|    1|       m_axi|          gmem0|       pointer|
|m_axi_gmem0_ARVALID    |  out|    1|       m_axi|          gmem0|       pointer|
|m_axi_gmem0_ARREADY    |   in|    1|       m_axi|          gmem0|       pointer|
|m_axi_gmem0_ARADDR     |  out|   64|       m_axi|          gmem0|       pointer|
|m_axi_gmem0_ARID       |  out|    1|       m_axi|          gmem0|       pointer|
|m_axi_gmem0_ARLEN      |  out|    8|       m_axi|          gmem0|       pointer|
|m_axi_gmem0_ARSIZE     |  out|    3|       m_axi|          gmem0|       pointer|
|m_axi_gmem0_ARBURST    |  out|    2|       m_axi|          gmem0|       pointer|
|m_axi_gmem0_ARLOCK     |  out|    2|       m_axi|          gmem0|       pointer|
|m_axi_gmem0_ARCACHE    |  out|    4|       m_axi|          gmem0|       pointer|
|m_axi_gmem0_ARPROT     |  out|    3|       m_axi|          gmem0|       pointer|
|m_axi_gmem0_ARQOS      |  out|    4|       m_axi|          gmem0|       pointer|
|m_axi_gmem0_ARREGION   |  out|    4|       m_axi|          gmem0|       pointer|
|m_axi_gmem0_ARUSER     |  out|    1|       m_axi|          gmem0|       pointer|
|m_axi_gmem0_RVALID     |   in|    1|       m_axi|          gmem0|       pointer|
|m_axi_gmem0_RREADY     |  out|    1|       m_axi|          gmem0|       pointer|
|m_axi_gmem0_RDATA      |   in|   32|       m_axi|          gmem0|       pointer|
|m_axi_gmem0_RLAST      |   in|    1|       m_axi|          gmem0|       pointer|
|m_axi_gmem0_RID        |   in|    1|       m_axi|          gmem0|       pointer|
|m_axi_gmem0_RUSER      |   in|    1|       m_axi|          gmem0|       pointer|
|m_axi_gmem0_RRESP      |   in|    2|       m_axi|          gmem0|       pointer|
|m_axi_gmem0_BVALID     |   in|    1|       m_axi|          gmem0|       pointer|
|m_axi_gmem0_BREADY     |  out|    1|       m_axi|          gmem0|       pointer|
|m_axi_gmem0_BRESP      |   in|    2|       m_axi|          gmem0|       pointer|
|m_axi_gmem0_BID        |   in|    1|       m_axi|          gmem0|       pointer|
|m_axi_gmem0_BUSER      |   in|    1|       m_axi|          gmem0|       pointer|
|m_axi_gmem1_AWVALID    |  out|    1|       m_axi|          gmem1|       pointer|
|m_axi_gmem1_AWREADY    |   in|    1|       m_axi|          gmem1|       pointer|
|m_axi_gmem1_AWADDR     |  out|   64|       m_axi|          gmem1|       pointer|
|m_axi_gmem1_AWID       |  out|    1|       m_axi|          gmem1|       pointer|
|m_axi_gmem1_AWLEN      |  out|    8|       m_axi|          gmem1|       pointer|
|m_axi_gmem1_AWSIZE     |  out|    3|       m_axi|          gmem1|       pointer|
|m_axi_gmem1_AWBURST    |  out|    2|       m_axi|          gmem1|       pointer|
|m_axi_gmem1_AWLOCK     |  out|    2|       m_axi|          gmem1|       pointer|
|m_axi_gmem1_AWCACHE    |  out|    4|       m_axi|          gmem1|       pointer|
|m_axi_gmem1_AWPROT     |  out|    3|       m_axi|          gmem1|       pointer|
|m_axi_gmem1_AWQOS      |  out|    4|       m_axi|          gmem1|       pointer|
|m_axi_gmem1_AWREGION   |  out|    4|       m_axi|          gmem1|       pointer|
|m_axi_gmem1_AWUSER     |  out|    1|       m_axi|          gmem1|       pointer|
|m_axi_gmem1_WVALID     |  out|    1|       m_axi|          gmem1|       pointer|
|m_axi_gmem1_WREADY     |   in|    1|       m_axi|          gmem1|       pointer|
|m_axi_gmem1_WDATA      |  out|   32|       m_axi|          gmem1|       pointer|
|m_axi_gmem1_WSTRB      |  out|    4|       m_axi|          gmem1|       pointer|
|m_axi_gmem1_WLAST      |  out|    1|       m_axi|          gmem1|       pointer|
|m_axi_gmem1_WID        |  out|    1|       m_axi|          gmem1|       pointer|
|m_axi_gmem1_WUSER      |  out|    1|       m_axi|          gmem1|       pointer|
|m_axi_gmem1_ARVALID    |  out|    1|       m_axi|          gmem1|       pointer|
|m_axi_gmem1_ARREADY    |   in|    1|       m_axi|          gmem1|       pointer|
|m_axi_gmem1_ARADDR     |  out|   64|       m_axi|          gmem1|       pointer|
|m_axi_gmem1_ARID       |  out|    1|       m_axi|          gmem1|       pointer|
|m_axi_gmem1_ARLEN      |  out|    8|       m_axi|          gmem1|       pointer|
|m_axi_gmem1_ARSIZE     |  out|    3|       m_axi|          gmem1|       pointer|
|m_axi_gmem1_ARBURST    |  out|    2|       m_axi|          gmem1|       pointer|
|m_axi_gmem1_ARLOCK     |  out|    2|       m_axi|          gmem1|       pointer|
|m_axi_gmem1_ARCACHE    |  out|    4|       m_axi|          gmem1|       pointer|
|m_axi_gmem1_ARPROT     |  out|    3|       m_axi|          gmem1|       pointer|
|m_axi_gmem1_ARQOS      |  out|    4|       m_axi|          gmem1|       pointer|
|m_axi_gmem1_ARREGION   |  out|    4|       m_axi|          gmem1|       pointer|
|m_axi_gmem1_ARUSER     |  out|    1|       m_axi|          gmem1|       pointer|
|m_axi_gmem1_RVALID     |   in|    1|       m_axi|          gmem1|       pointer|
|m_axi_gmem1_RREADY     |  out|    1|       m_axi|          gmem1|       pointer|
|m_axi_gmem1_RDATA      |   in|   32|       m_axi|          gmem1|       pointer|
|m_axi_gmem1_RLAST      |   in|    1|       m_axi|          gmem1|       pointer|
|m_axi_gmem1_RID        |   in|    1|       m_axi|          gmem1|       pointer|
|m_axi_gmem1_RUSER      |   in|    1|       m_axi|          gmem1|       pointer|
|m_axi_gmem1_RRESP      |   in|    2|       m_axi|          gmem1|       pointer|
|m_axi_gmem1_BVALID     |   in|    1|       m_axi|          gmem1|       pointer|
|m_axi_gmem1_BREADY     |  out|    1|       m_axi|          gmem1|       pointer|
|m_axi_gmem1_BRESP      |   in|    2|       m_axi|          gmem1|       pointer|
|m_axi_gmem1_BID        |   in|    1|       m_axi|          gmem1|       pointer|
|m_axi_gmem1_BUSER      |   in|    1|       m_axi|          gmem1|       pointer|
+-----------------------+-----+-----+------------+---------------+--------------+

